<?xml version="1.0" encoding="UTF-8"?>
<!-- Generated by org.testng.reporters.JUnitXMLReporter -->
<testsuite hostname="LAPTOP-8AFIQ1EI" name="Default test" tests="10" failures="0" timestamp="27 Apr 2020 06:05:14 GMT" time="0.149" errors="0">
  <testcase name="testcase" time="0.007" classname="package1.Class1"/>
  <testcase name="testcase" time="0.002" classname="package1.Class1"/>
  <testcase name="testcase" time="0.004" classname="package1.Class1"/>
  <testcase name="testcase" time="0.001" classname="package1.Class1"/>
  <testcase name="testcase" time="0.001" classname="package1.Class1"/>
  <testcase name="testcase" time="0.001" classname="package1.Class1"/>
  <testcase name="testcase" time="0.001" classname="package1.Class1"/>
  <testcase name="testcase" time="0.001" classname="package1.Class1"/>
  <testcase name="testcase" time="0.001" classname="package1.Class1"/>
  <testcase name="testcase" time="0.001" classname="package1.Class1"/>
</testsuite> <!-- Default test -->
